<?xml version="1.0" encoding="UTF-8"?>
<!-- Generated by org.testng.reporters.JUnitXMLReporter -->
<testsuite hostname="AmulyaBehera-PC" ignored="0" name="Default test(failed)" tests="1" failures="1" timestamp="13 Aug 2020 12:22:10 GMT" time="122.852" errors="0">
  <testcase name="setup" time="121.959" classname="com.qa.tests.LoginTest">
    <failure type="java.lang.NullPointerException">
      <![CDATA[java.lang.NullPointerException
at com.qa.tests.LoginTest.isAlertPresent(LoginTest.java:52)
at com.qa.tests.LoginTest.setup(LoginTest.java:33)
... Removed 25 stack frames]]>
    </failure>
  </testcase> <!-- setup -->
</testsuite> <!-- Default test(failed) -->
